<?xml version="1.0" encoding="UTF-8"?>
<!-- Generated by org.testng.reporters.JUnitReportReporter -->
<testsuite hostname="LAPTOP-HQ0VKINH" failures="0" tests="1" name="dataDriven.excelDataProvider.excel" time="0.718" errors="0" timestamp="01 Dec 2019 19:53:40 GMT" skipped="0">
  <testcase classname="dataDriven.excelDataProvider.excel" name="getExcel" time="0.718"/>
</testsuite> <!-- dataDriven.excelDataProvider.excel -->
