<?xml version="1.0" encoding="UTF-8"?>
<!-- Generated by org.testng.reporters.JUnitReportReporter -->
<testsuite hostname="LAPTOP-HQ0VKINH" failures="0" tests="3" name="dataDriven.excelDataProvider.dataProvider" time="0.023" errors="0" timestamp="01 Dec 2019 20:07:19 GMT" skipped="0">
  <testcase classname="dataDriven.excelDataProvider.dataProvider" name="testCaseData" time="0.018"/>
  <testcase classname="dataDriven.excelDataProvider.dataProvider" name="testCaseData" time="0.004"/>
  <testcase classname="dataDriven.excelDataProvider.dataProvider" name="testCaseData" time="0.001"/>
</testsuite> <!-- dataDriven.excelDataProvider.dataProvider -->
