<?xml version="1.0" encoding="UTF-8"?>
<!-- Generated by org.testng.reporters.JUnitReportReporter -->
<testsuite hostname="LAPTOP-HQ0VKINH" failures="0" tests="3" name="dataDriven.excelDataProvider.dataProvider1" time="0.021" errors="0" timestamp="01 Dec 2019 18:54:36 GMT" skipped="0">
  <testcase classname="dataDriven.excelDataProvider.dataProvider1" name="getData" time="0.001"/>
  <testcase classname="dataDriven.excelDataProvider.dataProvider1" name="getData" time="0.008"/>
  <testcase classname="dataDriven.excelDataProvider.dataProvider1" name="getData" time="0.012"/>
</testsuite> <!-- dataDriven.excelDataProvider.dataProvider1 -->
